2025-10-22 10:18:34,113 - [ERROR] - asyncio - (base_events.py).default_exception_handler(1865) - Unclosed client session
client_session: <aiohttp.client.ClientSession object at 0x00000233DBB0F380>
2025-10-22 10:18:58,350 - [INFO] - aiogram.dispatcher - (dispatcher.py).start_polling(566) - Start polling
2025-10-22 10:18:58,549 - [INFO] - aiogram.dispatcher - (dispatcher.py)._polling(363) - Run polling for bot @sched111_bot id=7919634763 - 'sched'
2025-10-22 10:19:09,419 - [INFO] - aiogram.dispatcher - (dispatcher.py).start_polling(594) - Polling stopped
2025-10-22 10:19:09,435 - [ERROR] - aiogram.dispatcher - (dispatcher.py)._listen_updates(219) - Failed to fetch updates - TelegramNetworkError: HTTP Client says - ServerDisconnectedError: Server disconnected
2025-10-22 10:19:09,451 - [WARNING] - aiogram.dispatcher - (dispatcher.py)._listen_updates(221) - Sleep for 1.000000 seconds and try again... (tryings = 0, bot id = 7919634763)
2025-10-22 10:19:09,714 - [INFO] - aiogram.dispatcher - (dispatcher.py)._polling(395) - Polling stopped for bot @sched111_bot id=7919634763 - 'sched'
2025-10-22 10:19:27,809 - [INFO] - aiogram.dispatcher - (dispatcher.py).start_polling(566) - Start polling
2025-10-22 10:19:27,989 - [INFO] - aiogram.dispatcher - (dispatcher.py)._polling(363) - Run polling for bot @sched111_bot id=7919634763 - 'sched'
2025-10-22 10:19:49,882 - [INFO] - aiogram.event - (dispatcher.py).feed_update(172) - Update id=636719724 is handled. Duration 852 ms by bot id=7919634763
2025-10-22 10:22:44,228 - [INFO] - aiogram.event - (dispatcher.py).feed_update(172) - Update id=636719725 is handled. Duration 283 ms by bot id=7919634763
2025-10-22 10:25:12,297 - [ERROR] - aiogram.dispatcher - (dispatcher.py)._listen_updates(219) - Failed to fetch updates - TelegramNetworkError: HTTP Client says - ServerDisconnectedError: Server disconnected
2025-10-22 10:25:12,298 - [WARNING] - aiogram.dispatcher - (dispatcher.py)._listen_updates(221) - Sleep for 1.000000 seconds and try again... (tryings = 0, bot id = 7919634763)
2025-10-22 10:25:24,279 - [INFO] - aiogram.dispatcher - (dispatcher.py)._listen_updates(233) - Connection established (tryings = 1, bot id = 7919634763)
2025-10-22 10:47:38,948 - [ERROR] - aiogram.dispatcher - (dispatcher.py)._listen_updates(219) - Failed to fetch updates - TelegramNetworkError: HTTP Client says - ServerDisconnectedError: Server disconnected
2025-10-22 10:47:38,960 - [WARNING] - aiogram.dispatcher - (dispatcher.py)._listen_updates(221) - Sleep for 1.000000 seconds and try again... (tryings = 0, bot id = 7919634763)
2025-10-22 10:47:50,623 - [INFO] - aiogram.dispatcher - (dispatcher.py)._listen_updates(233) - Connection established (tryings = 1, bot id = 7919634763)
2025-10-22 10:50:46,440 - [INFO] - aiogram.event - (dispatcher.py).feed_update(172) - Update id=636719726 is handled. Duration 696 ms by bot id=7919634763
2025-10-22 10:50:53,295 - [INFO] - aiogram.event - (dispatcher.py).feed_update(172) - Update id=636719727 is not handled. Duration 5 ms by bot id=7919634763
2025-10-22 10:50:55,037 - [INFO] - aiogram.event - (dispatcher.py).feed_update(172) - Update id=636719728 is not handled. Duration 4 ms by bot id=7919634763
2025-10-22 10:52:52,586 - [ERROR] - aiogram.dispatcher - (dispatcher.py)._listen_updates(219) - Failed to fetch updates - TelegramNetworkError: HTTP Client says - ServerDisconnectedError: Server disconnected
2025-10-22 10:52:52,588 - [WARNING] - aiogram.dispatcher - (dispatcher.py)._listen_updates(221) - Sleep for 1.000000 seconds and try again... (tryings = 0, bot id = 7919634763)
2025-10-22 10:53:04,359 - [INFO] - aiogram.dispatcher - (dispatcher.py)._listen_updates(233) - Connection established (tryings = 1, bot id = 7919634763)
2025-10-22 11:01:47,687 - [INFO] - aiogram.dispatcher - (dispatcher.py).start_polling(594) - Polling stopped
2025-10-22 11:01:47,692 - [ERROR] - aiogram.dispatcher - (dispatcher.py)._listen_updates(219) - Failed to fetch updates - TelegramNetworkError: HTTP Client says - ServerDisconnectedError: Server disconnected
2025-10-22 11:01:47,692 - [WARNING] - aiogram.dispatcher - (dispatcher.py)._listen_updates(221) - Sleep for 1.000000 seconds and try again... (tryings = 0, bot id = 7919634763)
2025-10-22 11:01:47,957 - [INFO] - aiogram.dispatcher - (dispatcher.py)._polling(395) - Polling stopped for bot @sched111_bot id=7919634763 - 'sched'
2025-10-22 11:02:05,547 - [INFO] - aiogram.dispatcher - (dispatcher.py).start_polling(566) - Start polling
2025-10-22 11:02:05,700 - [INFO] - aiogram.dispatcher - (dispatcher.py)._polling(363) - Run polling for bot @sched111_bot id=7919634763 - 'sched'
2025-10-22 11:02:15,286 - [INFO] - aiogram.event - (dispatcher.py).feed_update(172) - Update id=636719732 is handled. Duration 732 ms by bot id=7919634763
2025-10-22 11:02:16,724 - [INFO] - aiogram.event - (dispatcher.py).feed_update(172) - Update id=636719733 is handled. Duration 179 ms by bot id=7919634763
2025-10-22 11:02:17,416 - [INFO] - aiogram.event - (dispatcher.py).feed_update(172) - Update id=636719734 is handled. Duration 217 ms by bot id=7919634763
2025-10-22 11:02:17,606 - [INFO] - aiogram.event - (dispatcher.py).feed_update(172) - Update id=636719735 is handled. Duration 190 ms by bot id=7919634763
2025-10-22 11:02:17,818 - [INFO] - aiogram.event - (dispatcher.py).feed_update(172) - Update id=636719736 is handled. Duration 213 ms by bot id=7919634763
2025-10-22 11:02:18,021 - [INFO] - aiogram.event - (dispatcher.py).feed_update(172) - Update id=636719738 is handled. Duration 173 ms by bot id=7919634763
2025-10-22 11:02:18,262 - [INFO] - aiogram.event - (dispatcher.py).feed_update(172) - Update id=636719737 is handled. Duration 546 ms by bot id=7919634763
2025-10-22 11:02:18,446 - [INFO] - aiogram.event - (dispatcher.py).feed_update(172) - Update id=636719739 is handled. Duration 485 ms by bot id=7919634763
2025-10-22 11:02:18,479 - [INFO] - aiogram.event - (dispatcher.py).feed_update(172) - Update id=636719740 is handled. Duration 179 ms by bot id=7919634763
2025-10-22 11:02:18,619 - [INFO] - aiogram.event - (dispatcher.py).feed_update(172) - Update id=636719741 is handled. Duration 163 ms by bot id=7919634763
2025-10-22 11:02:18,760 - [INFO] - aiogram.event - (dispatcher.py).feed_update(172) - Update id=636719742 is handled. Duration 150 ms by bot id=7919634763
2025-10-22 11:02:18,873 - [INFO] - aiogram.event - (dispatcher.py).feed_update(172) - Update id=636719743 is handled. Duration 154 ms by bot id=7919634763
2025-10-22 11:02:18,995 - [INFO] - aiogram.event - (dispatcher.py).feed_update(172) - Update id=636719744 is handled. Duration 138 ms by bot id=7919634763
2025-10-22 11:02:19,108 - [INFO] - aiogram.event - (dispatcher.py).feed_update(172) - Update id=636719745 is handled. Duration 136 ms by bot id=7919634763
2025-10-22 11:02:19,237 - [INFO] - aiogram.event - (dispatcher.py).feed_update(172) - Update id=636719746 is handled. Duration 143 ms by bot id=7919634763
2025-10-22 11:02:19,448 - [INFO] - aiogram.event - (dispatcher.py).feed_update(172) - Update id=636719747 is handled. Duration 202 ms by bot id=7919634763
2025-10-22 11:02:19,633 - [INFO] - aiogram.event - (dispatcher.py).feed_update(172) - Update id=636719748 is handled. Duration 189 ms by bot id=7919634763
2025-10-22 11:02:19,757 - [INFO] - aiogram.event - (dispatcher.py).feed_update(172) - Update id=636719749 is handled. Duration 204 ms by bot id=7919634763
2025-10-22 11:02:19,882 - [INFO] - aiogram.event - (dispatcher.py).feed_update(172) - Update id=636719750 is handled. Duration 208 ms by bot id=7919634763
2025-10-22 11:02:19,993 - [INFO] - aiogram.event - (dispatcher.py).feed_update(172) - Update id=636719751 is handled. Duration 188 ms by bot id=7919634763
2025-10-22 11:02:20,127 - [INFO] - aiogram.event - (dispatcher.py).feed_update(172) - Update id=636719752 is handled. Duration 157 ms by bot id=7919634763
2025-10-22 11:02:21,214 - [INFO] - aiogram.event - (dispatcher.py).feed_update(172) - Update id=636719753 is handled. Duration 240 ms by bot id=7919634763
2025-10-22 11:44:59,727 - [INFO] - aiogram.dispatcher - (dispatcher.py).start_polling(594) - Polling stopped
2025-10-22 11:45:00,086 - [ERROR] - aiogram.dispatcher - (dispatcher.py)._listen_updates(219) - Failed to fetch updates - TelegramNetworkError: HTTP Client says - ServerDisconnectedError: Server disconnected
2025-10-22 11:45:00,107 - [WARNING] - aiogram.dispatcher - (dispatcher.py)._listen_updates(221) - Sleep for 1.000000 seconds and try again... (tryings = 0, bot id = 7919634763)
2025-10-22 11:45:00,627 - [INFO] - aiogram.dispatcher - (dispatcher.py)._polling(395) - Polling stopped for bot @sched111_bot id=7919634763 - 'sched'
2025-10-22 11:49:58,753 - [INFO] - aiogram.dispatcher - (dispatcher.py).start_polling(566) - Start polling
2025-10-22 11:49:58,907 - [INFO] - aiogram.dispatcher - (dispatcher.py)._polling(363) - Run polling for bot @sched111_bot id=7919634763 - 'sched'
2025-10-22 11:50:15,419 - [INFO] - aiogram.event - (dispatcher.py).feed_update(172) - Update id=636719754 is not handled. Duration 1 ms by bot id=7919634763
2025-10-22 11:50:15,420 - [ERROR] - aiogram.event - (dispatcher.py)._process_update(315) - Cause exception while process update id=636719754 by bot id=7919634763
TypeError: message_text_handler() missing 1 required positional argument: 'fsm'
Traceback (most recent call last):
  File "C:\StarSmileBot\.venv\Lib\site-packages\aiogram\dispatcher\dispatcher.py", line 309, in _process_update
    response = await self.feed_update(bot, update, **kwargs)
               ^^^^^^^^^^^^^^^^^^^^^^^^^^^^^^^^^^^^^^^^^^^^^
  File "C:\StarSmileBot\.venv\Lib\site-packages\aiogram\dispatcher\dispatcher.py", line 158, in feed_update
    response = await self.update.wrap_outer_middleware(
               ^^^^^^^^^^^^^^^^^^^^^^^^^^^^^^^^^^^^^^^^
    ...<7 lines>...
    )
    ^
  File "C:\StarSmileBot\.venv\Lib\site-packages\aiogram\dispatcher\middlewares\error.py", line 25, in __call__
    return await handler(event, data)
           ^^^^^^^^^^^^^^^^^^^^^^^^^^
  File "C:\StarSmileBot\.venv\Lib\site-packages\aiogram\dispatcher\middlewares\user_context.py", line 56, in __call__
    return await handler(event, data)
           ^^^^^^^^^^^^^^^^^^^^^^^^^^
  File "C:\StarSmileBot\.venv\Lib\site-packages\aiogram\fsm\middleware.py", line 42, in __call__
    return await handler(event, data)
           ^^^^^^^^^^^^^^^^^^^^^^^^^^
  File "C:\StarSmileBot\.venv\Lib\site-packages\aiogram\dispatcher\event\telegram.py", line 121, in trigger
    return await wrapped_inner(event, kwargs)
           ^^^^^^^^^^^^^^^^^^^^^^^^^^^^^^^^^^
  File "C:\StarSmileBot\.venv\Lib\site-packages\aiogram\dispatcher\event\handler.py", line 43, in call
    return await wrapped()
           ^^^^^^^^^^^^^^^
  File "C:\StarSmileBot\.venv\Lib\site-packages\aiogram\dispatcher\dispatcher.py", line 276, in _listen_update
    return await self.propagate_event(update_type=update_type, event=event, **kwargs)
           ^^^^^^^^^^^^^^^^^^^^^^^^^^^^^^^^^^^^^^^^^^^^^^^^^^^^^^^^^^^^^^^^^^^^^^^^^^
  File "C:\StarSmileBot\.venv\Lib\site-packages\aiogram\dispatcher\router.py", line 146, in propagate_event
    return await observer.wrap_outer_middleware(_wrapped, event=event, data=kwargs)
           ^^^^^^^^^^^^^^^^^^^^^^^^^^^^^^^^^^^^^^^^^^^^^^^^^^^^^^^^^^^^^^^^^^^^^^^^
  File "C:\StarSmileBot\.venv\Lib\site-packages\aiogram\dispatcher\router.py", line 141, in _wrapped
    return await self._propagate_event(
           ^^^^^^^^^^^^^^^^^^^^^^^^^^^^
        observer=observer, update_type=update_type, event=telegram_event, **data
        ^^^^^^^^^^^^^^^^^^^^^^^^^^^^^^^^^^^^^^^^^^^^^^^^^^^^^^^^^^^^^^^^^^^^^^^^
    )
    ^
  File "C:\StarSmileBot\.venv\Lib\site-packages\aiogram\dispatcher\router.py", line 174, in _propagate_event
    response = await router.propagate_event(update_type=update_type, event=event, **kwargs)
               ^^^^^^^^^^^^^^^^^^^^^^^^^^^^^^^^^^^^^^^^^^^^^^^^^^^^^^^^^^^^^^^^^^^^^^^^^^^^
  File "C:\StarSmileBot\.venv\Lib\site-packages\aiogram\dispatcher\router.py", line 146, in propagate_event
    return await observer.wrap_outer_middleware(_wrapped, event=event, data=kwargs)
           ^^^^^^^^^^^^^^^^^^^^^^^^^^^^^^^^^^^^^^^^^^^^^^^^^^^^^^^^^^^^^^^^^^^^^^^^
  File "C:\StarSmileBot\.venv\Lib\site-packages\aiogram\dispatcher\router.py", line 141, in _wrapped
    return await self._propagate_event(
           ^^^^^^^^^^^^^^^^^^^^^^^^^^^^
        observer=observer, update_type=update_type, event=telegram_event, **data
        ^^^^^^^^^^^^^^^^^^^^^^^^^^^^^^^^^^^^^^^^^^^^^^^^^^^^^^^^^^^^^^^^^^^^^^^^
    )
    ^
  File "C:\StarSmileBot\.venv\Lib\site-packages\aiogram\dispatcher\router.py", line 166, in _propagate_event
    response = await observer.trigger(event, **kwargs)
               ^^^^^^^^^^^^^^^^^^^^^^^^^^^^^^^^^^^^^^^
  File "C:\StarSmileBot\.venv\Lib\site-packages\aiogram\dispatcher\event\telegram.py", line 121, in trigger
    return await wrapped_inner(event, kwargs)
           ^^^^^^^^^^^^^^^^^^^^^^^^^^^^^^^^^^
  File "C:\StarSmileBot\.venv\Lib\site-packages\aiogram\dispatcher\event\handler.py", line 43, in call
    return await wrapped()
                 ~~~~~~~^^
TypeError: message_text_handler() missing 1 required positional argument: 'fsm'
2025-10-22 11:51:48,396 - [INFO] - aiogram.dispatcher - (dispatcher.py).start_polling(594) - Polling stopped
2025-10-22 11:51:48,402 - [ERROR] - aiogram.dispatcher - (dispatcher.py)._listen_updates(219) - Failed to fetch updates - TelegramNetworkError: HTTP Client says - ServerDisconnectedError: Server disconnected
2025-10-22 11:51:48,402 - [WARNING] - aiogram.dispatcher - (dispatcher.py)._listen_updates(221) - Sleep for 1.000000 seconds and try again... (tryings = 0, bot id = 7919634763)
2025-10-22 11:51:48,655 - [INFO] - aiogram.dispatcher - (dispatcher.py)._polling(395) - Polling stopped for bot @sched111_bot id=7919634763 - 'sched'
2025-10-22 11:52:03,410 - [INFO] - aiogram.dispatcher - (dispatcher.py).start_polling(566) - Start polling
2025-10-22 11:52:04,895 - [INFO] - aiogram.dispatcher - (dispatcher.py)._polling(363) - Run polling for bot @sched111_bot id=7919634763 - 'sched'
2025-10-22 11:52:11,226 - [INFO] - aiogram.event - (dispatcher.py).feed_update(172) - Update id=636719755 is not handled. Duration 40 ms by bot id=7919634763
2025-10-22 11:52:11,227 - [ERROR] - aiogram.event - (dispatcher.py)._process_update(315) - Cause exception while process update id=636719755 by bot id=7919634763
UnboundLocalError: cannot access local variable 'conn' where it is not associated with a value
Traceback (most recent call last):
  File "C:\StarSmileBot\db.py", line 35, in get_user
    conn = db_connect()
  File "C:\StarSmileBot\db.py", line 11, in db_connect
    conn.execute("PRAGMA journal_mode=WAL;")
    ~~~~~~~~~~~~^^^^^^^^^^^^^^^^^^^^^^^^^^^^
sqlite3.OperationalError: database is locked

During handling of the above exception, another exception occurred:

Traceback (most recent call last):
  File "C:\StarSmileBot\.venv\Lib\site-packages\aiogram\dispatcher\dispatcher.py", line 309, in _process_update
    response = await self.feed_update(bot, update, **kwargs)
               ^^^^^^^^^^^^^^^^^^^^^^^^^^^^^^^^^^^^^^^^^^^^^
  File "C:\StarSmileBot\.venv\Lib\site-packages\aiogram\dispatcher\dispatcher.py", line 158, in feed_update
    response = await self.update.wrap_outer_middleware(
               ^^^^^^^^^^^^^^^^^^^^^^^^^^^^^^^^^^^^^^^^
    ...<7 lines>...
    )
    ^
  File "C:\StarSmileBot\.venv\Lib\site-packages\aiogram\dispatcher\middlewares\error.py", line 25, in __call__
    return await handler(event, data)
           ^^^^^^^^^^^^^^^^^^^^^^^^^^
  File "C:\StarSmileBot\.venv\Lib\site-packages\aiogram\dispatcher\middlewares\user_context.py", line 56, in __call__
    return await handler(event, data)
           ^^^^^^^^^^^^^^^^^^^^^^^^^^
  File "C:\StarSmileBot\.venv\Lib\site-packages\aiogram\fsm\middleware.py", line 42, in __call__
    return await handler(event, data)
           ^^^^^^^^^^^^^^^^^^^^^^^^^^
  File "C:\StarSmileBot\.venv\Lib\site-packages\aiogram\dispatcher\event\telegram.py", line 121, in trigger
    return await wrapped_inner(event, kwargs)
           ^^^^^^^^^^^^^^^^^^^^^^^^^^^^^^^^^^
  File "C:\StarSmileBot\.venv\Lib\site-packages\aiogram\dispatcher\event\handler.py", line 43, in call
    return await wrapped()
           ^^^^^^^^^^^^^^^
  File "C:\StarSmileBot\.venv\Lib\site-packages\aiogram\dispatcher\dispatcher.py", line 276, in _listen_update
    return await self.propagate_event(update_type=update_type, event=event, **kwargs)
           ^^^^^^^^^^^^^^^^^^^^^^^^^^^^^^^^^^^^^^^^^^^^^^^^^^^^^^^^^^^^^^^^^^^^^^^^^^
  File "C:\StarSmileBot\.venv\Lib\site-packages\aiogram\dispatcher\router.py", line 146, in propagate_event
    return await observer.wrap_outer_middleware(_wrapped, event=event, data=kwargs)
           ^^^^^^^^^^^^^^^^^^^^^^^^^^^^^^^^^^^^^^^^^^^^^^^^^^^^^^^^^^^^^^^^^^^^^^^^
  File "C:\StarSmileBot\.venv\Lib\site-packages\aiogram\dispatcher\router.py", line 141, in _wrapped
    return await self._propagate_event(
           ^^^^^^^^^^^^^^^^^^^^^^^^^^^^
        observer=observer, update_type=update_type, event=telegram_event, **data
        ^^^^^^^^^^^^^^^^^^^^^^^^^^^^^^^^^^^^^^^^^^^^^^^^^^^^^^^^^^^^^^^^^^^^^^^^
    )
    ^
  File "C:\StarSmileBot\.venv\Lib\site-packages\aiogram\dispatcher\router.py", line 174, in _propagate_event
    response = await router.propagate_event(update_type=update_type, event=event, **kwargs)
               ^^^^^^^^^^^^^^^^^^^^^^^^^^^^^^^^^^^^^^^^^^^^^^^^^^^^^^^^^^^^^^^^^^^^^^^^^^^^
  File "C:\StarSmileBot\.venv\Lib\site-packages\aiogram\dispatcher\router.py", line 146, in propagate_event
    return await observer.wrap_outer_middleware(_wrapped, event=event, data=kwargs)
           ^^^^^^^^^^^^^^^^^^^^^^^^^^^^^^^^^^^^^^^^^^^^^^^^^^^^^^^^^^^^^^^^^^^^^^^^
  File "C:\StarSmileBot\.venv\Lib\site-packages\aiogram\dispatcher\router.py", line 141, in _wrapped
    return await self._propagate_event(
           ^^^^^^^^^^^^^^^^^^^^^^^^^^^^
        observer=observer, update_type=update_type, event=telegram_event, **data
        ^^^^^^^^^^^^^^^^^^^^^^^^^^^^^^^^^^^^^^^^^^^^^^^^^^^^^^^^^^^^^^^^^^^^^^^^
    )
    ^
  File "C:\StarSmileBot\.venv\Lib\site-packages\aiogram\dispatcher\router.py", line 166, in _propagate_event
    response = await observer.trigger(event, **kwargs)
               ^^^^^^^^^^^^^^^^^^^^^^^^^^^^^^^^^^^^^^^
  File "C:\StarSmileBot\.venv\Lib\site-packages\aiogram\dispatcher\event\telegram.py", line 121, in trigger
    return await wrapped_inner(event, kwargs)
           ^^^^^^^^^^^^^^^^^^^^^^^^^^^^^^^^^^
  File "C:\StarSmileBot\.venv\Lib\site-packages\aiogram\dispatcher\event\handler.py", line 43, in call
    return await wrapped()
           ^^^^^^^^^^^^^^^
  File "C:\StarSmileBot\handlers.py", line 26, in message_text_handler
    user = get_user(tg_id)
  File "C:\StarSmileBot\db.py", line 49, in get_user
    conn.close()
    ^^^^
UnboundLocalError: cannot access local variable 'conn' where it is not associated with a value
2025-10-22 11:52:39,348 - [INFO] - aiogram.dispatcher - (dispatcher.py).start_polling(594) - Polling stopped
2025-10-22 11:52:39,350 - [ERROR] - aiogram.dispatcher - (dispatcher.py)._listen_updates(219) - Failed to fetch updates - TelegramNetworkError: HTTP Client says - ServerDisconnectedError: Server disconnected
2025-10-22 11:52:39,351 - [WARNING] - aiogram.dispatcher - (dispatcher.py)._listen_updates(221) - Sleep for 1.000000 seconds and try again... (tryings = 0, bot id = 7919634763)
2025-10-22 11:52:39,508 - [INFO] - aiogram.dispatcher - (dispatcher.py)._polling(395) - Polling stopped for bot @sched111_bot id=7919634763 - 'sched'
2025-10-22 11:52:59,707 - [INFO] - aiogram.dispatcher - (dispatcher.py).start_polling(566) - Start polling
2025-10-22 11:52:59,841 - [INFO] - aiogram.dispatcher - (dispatcher.py)._polling(363) - Run polling for bot @sched111_bot id=7919634763 - 'sched'
2025-10-22 11:53:05,243 - [INFO] - aiogram.event - (dispatcher.py).feed_update(172) - Update id=636719756 is handled. Duration 22 ms by bot id=7919634763
2025-10-22 11:53:35,147 - [INFO] - aiogram.event - (dispatcher.py).feed_update(172) - Update id=636719757 is handled. Duration 22 ms by bot id=7919634763
2025-10-22 11:54:05,268 - [INFO] - aiogram.event - (dispatcher.py).feed_update(172) - Update id=636719758 is handled. Duration 11 ms by bot id=7919634763
2025-10-22 11:54:59,691 - [INFO] - aiogram.dispatcher - (dispatcher.py).start_polling(594) - Polling stopped
2025-10-22 11:54:59,694 - [ERROR] - aiogram.dispatcher - (dispatcher.py)._listen_updates(219) - Failed to fetch updates - TelegramNetworkError: HTTP Client says - ServerDisconnectedError: Server disconnected
2025-10-22 11:54:59,696 - [WARNING] - aiogram.dispatcher - (dispatcher.py)._listen_updates(221) - Sleep for 1.000000 seconds and try again... (tryings = 0, bot id = 7919634763)
2025-10-22 11:54:59,966 - [INFO] - aiogram.dispatcher - (dispatcher.py)._polling(395) - Polling stopped for bot @sched111_bot id=7919634763 - 'sched'
2025-10-22 11:55:17,490 - [INFO] - aiogram.dispatcher - (dispatcher.py).start_polling(566) - Start polling
2025-10-22 11:55:17,671 - [INFO] - aiogram.dispatcher - (dispatcher.py)._polling(363) - Run polling for bot @sched111_bot id=7919634763 - 'sched'
2025-10-22 11:55:21,507 - [INFO] - aiogram.event - (dispatcher.py).feed_update(172) - Update id=636719759 is handled. Duration 14 ms by bot id=7919634763
2025-10-22 11:55:47,295 - [INFO] - aiogram.dispatcher - (dispatcher.py).start_polling(594) - Polling stopped
2025-10-22 11:55:47,297 - [ERROR] - aiogram.dispatcher - (dispatcher.py)._listen_updates(219) - Failed to fetch updates - TelegramNetworkError: HTTP Client says - ServerDisconnectedError: Server disconnected
2025-10-22 11:55:47,300 - [WARNING] - aiogram.dispatcher - (dispatcher.py)._listen_updates(221) - Sleep for 1.000000 seconds and try again... (tryings = 0, bot id = 7919634763)
2025-10-22 11:55:47,553 - [INFO] - aiogram.dispatcher - (dispatcher.py)._polling(395) - Polling stopped for bot @sched111_bot id=7919634763 - 'sched'
2025-10-22 11:56:00,906 - [INFO] - aiogram.dispatcher - (dispatcher.py).start_polling(566) - Start polling
2025-10-22 11:56:01,112 - [INFO] - aiogram.dispatcher - (dispatcher.py)._polling(363) - Run polling for bot @sched111_bot id=7919634763 - 'sched'
2025-10-22 11:56:03,179 - [INFO] - aiogram.event - (dispatcher.py).feed_update(172) - Update id=636719760 is handled. Duration 9 ms by bot id=7919634763
2025-10-22 11:57:03,305 - [INFO] - aiogram.event - (dispatcher.py).feed_update(172) - Update id=636719761 is handled. Duration 10 ms by bot id=7919634763
2025-10-22 11:58:14,726 - [INFO] - aiogram.dispatcher - (dispatcher.py).start_polling(594) - Polling stopped
2025-10-22 11:58:14,731 - [ERROR] - aiogram.dispatcher - (dispatcher.py)._listen_updates(219) - Failed to fetch updates - TelegramNetworkError: HTTP Client says - ServerDisconnectedError: Server disconnected
2025-10-22 11:58:14,733 - [WARNING] - aiogram.dispatcher - (dispatcher.py)._listen_updates(221) - Sleep for 1.000000 seconds and try again... (tryings = 0, bot id = 7919634763)
2025-10-22 11:58:14,891 - [INFO] - aiogram.dispatcher - (dispatcher.py)._polling(395) - Polling stopped for bot @sched111_bot id=7919634763 - 'sched'
2025-10-22 11:58:28,330 - [INFO] - aiogram.dispatcher - (dispatcher.py).start_polling(566) - Start polling
2025-10-22 11:58:28,448 - [INFO] - aiogram.dispatcher - (dispatcher.py)._polling(363) - Run polling for bot @sched111_bot id=7919634763 - 'sched'
2025-10-22 11:58:30,727 - [INFO] - aiogram.event - (dispatcher.py).feed_update(172) - Update id=636719762 is handled. Duration 579 ms by bot id=7919634763
2025-10-22 11:59:55,952 - [ERROR] - aiogram.dispatcher - (dispatcher.py)._listen_updates(219) - Failed to fetch updates - TelegramNetworkError: HTTP Client says - Request timeout error
2025-10-22 11:59:56,676 - [WARNING] - aiogram.dispatcher - (dispatcher.py)._listen_updates(221) - Sleep for 1.000000 seconds and try again... (tryings = 0, bot id = 7919634763)
2025-10-22 12:00:05,287 - [ERROR] - aiogram.dispatcher - (dispatcher.py)._listen_updates(219) - Failed to fetch updates - TelegramNetworkError: HTTP Client says - ClientConnectorError: Cannot connect to host api.telegram.org:443 ssl:default [None]
2025-10-22 12:00:05,355 - [WARNING] - aiogram.dispatcher - (dispatcher.py)._listen_updates(221) - Sleep for 1.375810 seconds and try again... (tryings = 1, bot id = 7919634763)
2025-10-22 12:00:12,779 - [ERROR] - aiogram.dispatcher - (dispatcher.py)._listen_updates(219) - Failed to fetch updates - TelegramNetworkError: HTTP Client says - ClientConnectorError: Cannot connect to host api.telegram.org:443 ssl:default [None]
2025-10-22 12:00:12,842 - [WARNING] - aiogram.dispatcher - (dispatcher.py)._listen_updates(221) - Sleep for 1.665291 seconds and try again... (tryings = 2, bot id = 7919634763)
2025-10-22 12:00:21,153 - [ERROR] - aiogram.dispatcher - (dispatcher.py)._listen_updates(219) - Failed to fetch updates - TelegramNetworkError: HTTP Client says - ClientConnectorError: Cannot connect to host api.telegram.org:443 ssl:default [None]
2025-10-22 12:00:21,165 - [WARNING] - aiogram.dispatcher - (dispatcher.py)._listen_updates(221) - Sleep for 2.157098 seconds and try again... (tryings = 3, bot id = 7919634763)
2025-10-22 12:00:26,664 - [ERROR] - aiogram.dispatcher - (dispatcher.py)._listen_updates(219) - Failed to fetch updates - TelegramNetworkError: HTTP Client says - ClientConnectorError: Cannot connect to host api.telegram.org:443 ssl:default [None]
2025-10-22 12:00:26,675 - [WARNING] - aiogram.dispatcher - (dispatcher.py)._listen_updates(221) - Sleep for 2.926196 seconds and try again... (tryings = 4, bot id = 7919634763)
2025-10-22 12:00:32,316 - [ERROR] - aiogram.dispatcher - (dispatcher.py)._listen_updates(219) - Failed to fetch updates - TelegramNetworkError: HTTP Client says - ClientConnectorError: Cannot connect to host api.telegram.org:443 ssl:default [None]
2025-10-22 12:00:32,317 - [WARNING] - aiogram.dispatcher - (dispatcher.py)._listen_updates(221) - Sleep for 3.844362 seconds and try again... (tryings = 5, bot id = 7919634763)
2025-10-22 12:00:39,010 - [ERROR] - aiogram.dispatcher - (dispatcher.py)._listen_updates(219) - Failed to fetch updates - TelegramNetworkError: HTTP Client says - ClientConnectorError: Cannot connect to host api.telegram.org:443 ssl:default [None]
2025-10-22 12:00:39,012 - [WARNING] - aiogram.dispatcher - (dispatcher.py)._listen_updates(221) - Sleep for 4.877528 seconds and try again... (tryings = 6, bot id = 7919634763)
2025-10-22 12:00:47,167 - [ERROR] - aiogram.dispatcher - (dispatcher.py)._listen_updates(219) - Failed to fetch updates - TelegramNetworkError: HTTP Client says - ClientConnectorError: Cannot connect to host api.telegram.org:443 ssl:default [None]
2025-10-22 12:00:47,168 - [WARNING] - aiogram.dispatcher - (dispatcher.py)._listen_updates(221) - Sleep for 4.859123 seconds and try again... (tryings = 7, bot id = 7919634763)
2025-10-22 12:00:55,203 - [ERROR] - aiogram.dispatcher - (dispatcher.py)._listen_updates(219) - Failed to fetch updates - TelegramNetworkError: HTTP Client says - ClientConnectorError: Cannot connect to host api.telegram.org:443 ssl:default [None]
2025-10-22 12:00:55,203 - [WARNING] - aiogram.dispatcher - (dispatcher.py)._listen_updates(221) - Sleep for 4.951738 seconds and try again... (tryings = 8, bot id = 7919634763)
2025-10-22 12:01:03,002 - [ERROR] - aiogram.dispatcher - (dispatcher.py)._listen_updates(219) - Failed to fetch updates - TelegramNetworkError: HTTP Client says - ClientConnectorError: Cannot connect to host api.telegram.org:443 ssl:default [None]
2025-10-22 12:01:03,003 - [WARNING] - aiogram.dispatcher - (dispatcher.py)._listen_updates(221) - Sleep for 4.953166 seconds and try again... (tryings = 9, bot id = 7919634763)
2025-10-22 12:01:11,076 - [ERROR] - aiogram.dispatcher - (dispatcher.py)._listen_updates(219) - Failed to fetch updates - TelegramNetworkError: HTTP Client says - ClientConnectorError: Cannot connect to host api.telegram.org:443 ssl:default [None]
2025-10-22 12:01:11,407 - [WARNING] - aiogram.dispatcher - (dispatcher.py)._listen_updates(221) - Sleep for 5.120597 seconds and try again... (tryings = 10, bot id = 7919634763)
2025-10-22 12:01:19,632 - [ERROR] - aiogram.dispatcher - (dispatcher.py)._listen_updates(219) - Failed to fetch updates - TelegramNetworkError: HTTP Client says - ClientConnectorError: Cannot connect to host api.telegram.org:443 ssl:default [None]
2025-10-22 12:01:19,666 - [WARNING] - aiogram.dispatcher - (dispatcher.py)._listen_updates(221) - Sleep for 5.146473 seconds and try again... (tryings = 11, bot id = 7919634763)
2025-10-22 12:01:27,452 - [ERROR] - aiogram.dispatcher - (dispatcher.py)._listen_updates(219) - Failed to fetch updates - TelegramNetworkError: HTTP Client says - ClientConnectorError: Cannot connect to host api.telegram.org:443 ssl:default [None]
2025-10-22 12:01:27,452 - [WARNING] - aiogram.dispatcher - (dispatcher.py)._listen_updates(221) - Sleep for 5.015164 seconds and try again... (tryings = 12, bot id = 7919634763)
2025-10-22 12:01:35,032 - [ERROR] - aiogram.dispatcher - (dispatcher.py)._listen_updates(219) - Failed to fetch updates - TelegramNetworkError: HTTP Client says - ClientConnectorError: Cannot connect to host api.telegram.org:443 ssl:default [None]
2025-10-22 12:01:35,034 - [WARNING] - aiogram.dispatcher - (dispatcher.py)._listen_updates(221) - Sleep for 5.105592 seconds and try again... (tryings = 13, bot id = 7919634763)
2025-10-22 12:01:43,081 - [ERROR] - aiogram.dispatcher - (dispatcher.py)._listen_updates(219) - Failed to fetch updates - TelegramNetworkError: HTTP Client says - ClientConnectorError: Cannot connect to host api.telegram.org:443 ssl:default [None]
2025-10-22 12:01:43,082 - [WARNING] - aiogram.dispatcher - (dispatcher.py)._listen_updates(221) - Sleep for 4.689740 seconds and try again... (tryings = 14, bot id = 7919634763)
2025-10-22 12:01:51,327 - [ERROR] - aiogram.dispatcher - (dispatcher.py)._listen_updates(219) - Failed to fetch updates - TelegramNetworkError: HTTP Client says - ClientConnectorError: Cannot connect to host api.telegram.org:443 ssl:default [None]
2025-10-22 12:01:51,332 - [WARNING] - aiogram.dispatcher - (dispatcher.py)._listen_updates(221) - Sleep for 5.150133 seconds and try again... (tryings = 15, bot id = 7919634763)
2025-10-22 12:01:59,299 - [ERROR] - aiogram.dispatcher - (dispatcher.py)._listen_updates(219) - Failed to fetch updates - TelegramNetworkError: HTTP Client says - ClientConnectorError: Cannot connect to host api.telegram.org:443 ssl:default [None]
2025-10-22 12:01:59,301 - [WARNING] - aiogram.dispatcher - (dispatcher.py)._listen_updates(221) - Sleep for 5.005467 seconds and try again... (tryings = 16, bot id = 7919634763)
2025-10-22 12:02:06,466 - [ERROR] - aiogram.dispatcher - (dispatcher.py)._listen_updates(219) - Failed to fetch updates - TelegramNetworkError: HTTP Client says - ClientConnectorError: Cannot connect to host api.telegram.org:443 ssl:default [None]
2025-10-22 12:02:06,476 - [WARNING] - aiogram.dispatcher - (dispatcher.py)._listen_updates(221) - Sleep for 4.948728 seconds and try again... (tryings = 17, bot id = 7919634763)
2025-10-22 12:02:15,196 - [ERROR] - aiogram.dispatcher - (dispatcher.py)._listen_updates(219) - Failed to fetch updates - TelegramNetworkError: HTTP Client says - ClientConnectorError: Cannot connect to host api.telegram.org:443 ssl:default [None]
2025-10-22 12:02:15,198 - [WARNING] - aiogram.dispatcher - (dispatcher.py)._listen_updates(221) - Sleep for 5.137306 seconds and try again... (tryings = 18, bot id = 7919634763)
2025-10-22 12:02:25,457 - [ERROR] - aiogram.dispatcher - (dispatcher.py)._listen_updates(219) - Failed to fetch updates - TelegramNetworkError: HTTP Client says - ClientConnectorError: Cannot connect to host api.telegram.org:443 ssl:default [None]
2025-10-22 12:02:25,458 - [WARNING] - aiogram.dispatcher - (dispatcher.py)._listen_updates(221) - Sleep for 4.909753 seconds and try again... (tryings = 19, bot id = 7919634763)
2025-10-22 12:02:35,385 - [ERROR] - aiogram.dispatcher - (dispatcher.py)._listen_updates(219) - Failed to fetch updates - TelegramNetworkError: HTTP Client says - ClientConnectorError: Cannot connect to host api.telegram.org:443 ssl:default [None]
2025-10-22 12:02:35,386 - [WARNING] - aiogram.dispatcher - (dispatcher.py)._listen_updates(221) - Sleep for 5.134526 seconds and try again... (tryings = 20, bot id = 7919634763)
2025-10-22 12:02:45,536 - [ERROR] - aiogram.dispatcher - (dispatcher.py)._listen_updates(219) - Failed to fetch updates - TelegramNetworkError: HTTP Client says - ClientConnectorError: Cannot connect to host api.telegram.org:443 ssl:default [None]
2025-10-22 12:02:45,539 - [WARNING] - aiogram.dispatcher - (dispatcher.py)._listen_updates(221) - Sleep for 5.032878 seconds and try again... (tryings = 21, bot id = 7919634763)
2025-10-22 12:02:55,598 - [ERROR] - aiogram.dispatcher - (dispatcher.py)._listen_updates(219) - Failed to fetch updates - TelegramNetworkError: HTTP Client says - ClientConnectorError: Cannot connect to host api.telegram.org:443 ssl:default [None]
2025-10-22 12:02:55,602 - [WARNING] - aiogram.dispatcher - (dispatcher.py)._listen_updates(221) - Sleep for 5.195528 seconds and try again... (tryings = 22, bot id = 7919634763)
2025-10-22 12:03:05,809 - [ERROR] - aiogram.dispatcher - (dispatcher.py)._listen_updates(219) - Failed to fetch updates - TelegramNetworkError: HTTP Client says - ClientConnectorError: Cannot connect to host api.telegram.org:443 ssl:default [None]
2025-10-22 12:03:05,810 - [WARNING] - aiogram.dispatcher - (dispatcher.py)._listen_updates(221) - Sleep for 4.988588 seconds and try again... (tryings = 23, bot id = 7919634763)
2025-10-22 12:03:15,815 - [ERROR] - aiogram.dispatcher - (dispatcher.py)._listen_updates(219) - Failed to fetch updates - TelegramNetworkError: HTTP Client says - ClientConnectorError: Cannot connect to host api.telegram.org:443 ssl:default [None]
2025-10-22 12:03:15,816 - [WARNING] - aiogram.dispatcher - (dispatcher.py)._listen_updates(221) - Sleep for 4.992210 seconds and try again... (tryings = 24, bot id = 7919634763)
2025-10-22 12:03:25,821 - [ERROR] - aiogram.dispatcher - (dispatcher.py)._listen_updates(219) - Failed to fetch updates - TelegramNetworkError: HTTP Client says - ClientConnectorError: Cannot connect to host api.telegram.org:443 ssl:default [None]
2025-10-22 12:03:25,823 - [WARNING] - aiogram.dispatcher - (dispatcher.py)._listen_updates(221) - Sleep for 5.103363 seconds and try again... (tryings = 25, bot id = 7919634763)
2025-10-22 12:03:35,947 - [ERROR] - aiogram.dispatcher - (dispatcher.py)._listen_updates(219) - Failed to fetch updates - TelegramNetworkError: HTTP Client says - ClientConnectorError: Cannot connect to host api.telegram.org:443 ssl:default [None]
2025-10-22 12:03:35,949 - [WARNING] - aiogram.dispatcher - (dispatcher.py)._listen_updates(221) - Sleep for 5.024124 seconds and try again... (tryings = 26, bot id = 7919634763)
2025-10-22 12:03:45,997 - [ERROR] - aiogram.dispatcher - (dispatcher.py)._listen_updates(219) - Failed to fetch updates - TelegramNetworkError: HTTP Client says - ClientConnectorError: Cannot connect to host api.telegram.org:443 ssl:default [None]
2025-10-22 12:03:45,999 - [WARNING] - aiogram.dispatcher - (dispatcher.py)._listen_updates(221) - Sleep for 5.183962 seconds and try again... (tryings = 27, bot id = 7919634763)
2025-10-22 12:03:56,196 - [ERROR] - aiogram.dispatcher - (dispatcher.py)._listen_updates(219) - Failed to fetch updates - TelegramNetworkError: HTTP Client says - ClientConnectorError: Cannot connect to host api.telegram.org:443 ssl:default [None]
2025-10-22 12:03:56,200 - [WARNING] - aiogram.dispatcher - (dispatcher.py)._listen_updates(221) - Sleep for 4.948412 seconds and try again... (tryings = 28, bot id = 7919634763)
2025-10-22 12:04:03,717 - [ERROR] - aiogram.dispatcher - (dispatcher.py)._listen_updates(219) - Failed to fetch updates - TelegramNetworkError: HTTP Client says - ClientConnectorError: Cannot connect to host api.telegram.org:443 ssl:default [None]
2025-10-22 12:04:03,718 - [WARNING] - aiogram.dispatcher - (dispatcher.py)._listen_updates(221) - Sleep for 4.946751 seconds and try again... (tryings = 29, bot id = 7919634763)
2025-10-22 12:04:11,635 - [ERROR] - aiogram.dispatcher - (dispatcher.py)._listen_updates(219) - Failed to fetch updates - TelegramNetworkError: HTTP Client says - ClientConnectorError: Cannot connect to host api.telegram.org:443 ssl:default [None]
2025-10-22 12:04:11,636 - [WARNING] - aiogram.dispatcher - (dispatcher.py)._listen_updates(221) - Sleep for 4.971737 seconds and try again... (tryings = 30, bot id = 7919634763)
2025-10-22 12:04:19,422 - [ERROR] - aiogram.dispatcher - (dispatcher.py)._listen_updates(219) - Failed to fetch updates - TelegramNetworkError: HTTP Client says - ClientConnectorError: Cannot connect to host api.telegram.org:443 ssl:default [None]
2025-10-22 12:04:19,423 - [WARNING] - aiogram.dispatcher - (dispatcher.py)._listen_updates(221) - Sleep for 4.969753 seconds and try again... (tryings = 31, bot id = 7919634763)
2025-10-22 12:04:27,227 - [ERROR] - aiogram.dispatcher - (dispatcher.py)._listen_updates(219) - Failed to fetch updates - TelegramNetworkError: HTTP Client says - ClientConnectorError: Cannot connect to host api.telegram.org:443 ssl:default [None]
2025-10-22 12:04:27,228 - [WARNING] - aiogram.dispatcher - (dispatcher.py)._listen_updates(221) - Sleep for 5.118247 seconds and try again... (tryings = 32, bot id = 7919634763)
2025-10-22 12:04:34,891 - [ERROR] - aiogram.dispatcher - (dispatcher.py)._listen_updates(219) - Failed to fetch updates - TelegramNetworkError: HTTP Client says - ClientConnectorError: Cannot connect to host api.telegram.org:443 ssl:default [None]
2025-10-22 12:04:34,893 - [WARNING] - aiogram.dispatcher - (dispatcher.py)._listen_updates(221) - Sleep for 4.915357 seconds and try again... (tryings = 33, bot id = 7919634763)
2025-10-22 12:04:42,303 - [ERROR] - aiogram.dispatcher - (dispatcher.py)._listen_updates(219) - Failed to fetch updates - TelegramNetworkError: HTTP Client says - ClientConnectorError: Cannot connect to host api.telegram.org:443 ssl:default [None]
2025-10-22 12:04:42,304 - [WARNING] - aiogram.dispatcher - (dispatcher.py)._listen_updates(221) - Sleep for 5.177184 seconds and try again... (tryings = 34, bot id = 7919634763)
2025-10-22 12:04:50,001 - [ERROR] - aiogram.dispatcher - (dispatcher.py)._listen_updates(219) - Failed to fetch updates - TelegramNetworkError: HTTP Client says - ClientConnectorError: Cannot connect to host api.telegram.org:443 ssl:default [None]
2025-10-22 12:04:50,002 - [WARNING] - aiogram.dispatcher - (dispatcher.py)._listen_updates(221) - Sleep for 5.029386 seconds and try again... (tryings = 35, bot id = 7919634763)
2025-10-22 12:04:58,276 - [ERROR] - aiogram.dispatcher - (dispatcher.py)._listen_updates(219) - Failed to fetch updates - TelegramNetworkError: HTTP Client says - ClientConnectorError: Cannot connect to host api.telegram.org:443 ssl:default [None]
2025-10-22 12:04:58,277 - [WARNING] - aiogram.dispatcher - (dispatcher.py)._listen_updates(221) - Sleep for 5.112910 seconds and try again... (tryings = 36, bot id = 7919634763)
2025-10-22 12:05:06,809 - [ERROR] - aiogram.dispatcher - (dispatcher.py)._listen_updates(219) - Failed to fetch updates - TelegramNetworkError: HTTP Client says - ClientConnectorError: Cannot connect to host api.telegram.org:443 ssl:default [None]
2025-10-22 12:05:06,810 - [WARNING] - aiogram.dispatcher - (dispatcher.py)._listen_updates(221) - Sleep for 4.861870 seconds and try again... (tryings = 37, bot id = 7919634763)
2025-10-22 12:05:15,421 - [ERROR] - aiogram.dispatcher - (dispatcher.py)._listen_updates(219) - Failed to fetch updates - TelegramNetworkError: HTTP Client says - ClientConnectorError: Cannot connect to host api.telegram.org:443 ssl:default [None]
2025-10-22 12:05:15,422 - [WARNING] - aiogram.dispatcher - (dispatcher.py)._listen_updates(221) - Sleep for 4.865575 seconds and try again... (tryings = 38, bot id = 7919634763)
2025-10-22 12:05:23,090 - [ERROR] - aiogram.dispatcher - (dispatcher.py)._listen_updates(219) - Failed to fetch updates - TelegramNetworkError: HTTP Client says - ClientConnectorError: Cannot connect to host api.telegram.org:443 ssl:default [None]
2025-10-22 12:05:23,091 - [WARNING] - aiogram.dispatcher - (dispatcher.py)._listen_updates(221) - Sleep for 5.111086 seconds and try again... (tryings = 39, bot id = 7919634763)
2025-10-22 12:05:30,913 - [ERROR] - aiogram.dispatcher - (dispatcher.py)._listen_updates(219) - Failed to fetch updates - TelegramNetworkError: HTTP Client says - ClientConnectorError: Cannot connect to host api.telegram.org:443 ssl:default [None]
2025-10-22 12:05:30,918 - [WARNING] - aiogram.dispatcher - (dispatcher.py)._listen_updates(221) - Sleep for 4.904455 seconds and try again... (tryings = 40, bot id = 7919634763)
2025-10-22 12:05:38,846 - [ERROR] - aiogram.dispatcher - (dispatcher.py)._listen_updates(219) - Failed to fetch updates - TelegramNetworkError: HTTP Client says - ClientConnectorError: Cannot connect to host api.telegram.org:443 ssl:default [None]
2025-10-22 12:05:38,848 - [WARNING] - aiogram.dispatcher - (dispatcher.py)._listen_updates(221) - Sleep for 4.965615 seconds and try again... (tryings = 41, bot id = 7919634763)
2025-10-22 12:05:47,250 - [ERROR] - aiogram.dispatcher - (dispatcher.py)._listen_updates(219) - Failed to fetch updates - TelegramNetworkError: HTTP Client says - ClientConnectorError: Cannot connect to host api.telegram.org:443 ssl:default [None]
2025-10-22 12:05:47,252 - [WARNING] - aiogram.dispatcher - (dispatcher.py)._listen_updates(221) - Sleep for 5.158860 seconds and try again... (tryings = 42, bot id = 7919634763)
2025-10-22 12:05:56,005 - [ERROR] - aiogram.dispatcher - (dispatcher.py)._listen_updates(219) - Failed to fetch updates - TelegramNetworkError: HTTP Client says - ClientConnectorError: Cannot connect to host api.telegram.org:443 ssl:default [None]
2025-10-22 12:05:56,006 - [WARNING] - aiogram.dispatcher - (dispatcher.py)._listen_updates(221) - Sleep for 5.114248 seconds and try again... (tryings = 43, bot id = 7919634763)
2025-10-22 12:06:04,565 - [ERROR] - aiogram.dispatcher - (dispatcher.py)._listen_updates(219) - Failed to fetch updates - TelegramNetworkError: HTTP Client says - ClientConnectorError: Cannot connect to host api.telegram.org:443 ssl:default [None]
2025-10-22 12:06:04,566 - [WARNING] - aiogram.dispatcher - (dispatcher.py)._listen_updates(221) - Sleep for 4.823134 seconds and try again... (tryings = 44, bot id = 7919634763)
2025-10-22 12:06:12,077 - [ERROR] - aiogram.dispatcher - (dispatcher.py)._listen_updates(219) - Failed to fetch updates - TelegramNetworkError: HTTP Client says - ClientConnectorError: Cannot connect to host api.telegram.org:443 ssl:default [None]
2025-10-22 12:06:12,095 - [WARNING] - aiogram.dispatcher - (dispatcher.py)._listen_updates(221) - Sleep for 4.934333 seconds and try again... (tryings = 45, bot id = 7919634763)
2025-10-22 12:06:19,873 - [ERROR] - aiogram.dispatcher - (dispatcher.py)._listen_updates(219) - Failed to fetch updates - TelegramNetworkError: HTTP Client says - ClientConnectorError: Cannot connect to host api.telegram.org:443 ssl:default [None]
2025-10-22 12:06:19,874 - [WARNING] - aiogram.dispatcher - (dispatcher.py)._listen_updates(221) - Sleep for 5.016389 seconds and try again... (tryings = 46, bot id = 7919634763)
2025-10-22 12:06:27,192 - [ERROR] - aiogram.dispatcher - (dispatcher.py)._listen_updates(219) - Failed to fetch updates - TelegramNetworkError: HTTP Client says - ClientConnectorError: Cannot connect to host api.telegram.org:443 ssl:default [None]
2025-10-22 12:06:27,192 - [WARNING] - aiogram.dispatcher - (dispatcher.py)._listen_updates(221) - Sleep for 5.037090 seconds and try again... (tryings = 47, bot id = 7919634763)
2025-10-22 12:06:36,200 - [ERROR] - aiogram.dispatcher - (dispatcher.py)._listen_updates(219) - Failed to fetch updates - TelegramNetworkError: HTTP Client says - ClientConnectorError: Cannot connect to host api.telegram.org:443 ssl:default [None]
2025-10-22 12:06:36,200 - [WARNING] - aiogram.dispatcher - (dispatcher.py)._listen_updates(221) - Sleep for 5.101308 seconds and try again... (tryings = 48, bot id = 7919634763)
2025-10-22 12:06:44,063 - [ERROR] - aiogram.dispatcher - (dispatcher.py)._listen_updates(219) - Failed to fetch updates - TelegramNetworkError: HTTP Client says - ClientConnectorError: Cannot connect to host api.telegram.org:443 ssl:default [None]
2025-10-22 12:06:44,071 - [WARNING] - aiogram.dispatcher - (dispatcher.py)._listen_updates(221) - Sleep for 5.058322 seconds and try again... (tryings = 49, bot id = 7919634763)
2025-10-22 12:06:51,876 - [ERROR] - aiogram.dispatcher - (dispatcher.py)._listen_updates(219) - Failed to fetch updates - TelegramNetworkError: HTTP Client says - ClientConnectorError: Cannot connect to host api.telegram.org:443 ssl:default [None]
2025-10-22 12:06:51,880 - [WARNING] - aiogram.dispatcher - (dispatcher.py)._listen_updates(221) - Sleep for 5.086619 seconds and try again... (tryings = 50, bot id = 7919634763)
2025-10-22 12:07:00,463 - [ERROR] - aiogram.dispatcher - (dispatcher.py)._listen_updates(219) - Failed to fetch updates - TelegramNetworkError: HTTP Client says - ClientConnectorError: Cannot connect to host api.telegram.org:443 ssl:default [None]
2025-10-22 12:07:00,464 - [WARNING] - aiogram.dispatcher - (dispatcher.py)._listen_updates(221) - Sleep for 4.962056 seconds and try again... (tryings = 51, bot id = 7919634763)
2025-10-22 12:07:08,298 - [ERROR] - aiogram.dispatcher - (dispatcher.py)._listen_updates(219) - Failed to fetch updates - TelegramNetworkError: HTTP Client says - ClientConnectorError: Cannot connect to host api.telegram.org:443 ssl:default [None]
2025-10-22 12:07:08,300 - [WARNING] - aiogram.dispatcher - (dispatcher.py)._listen_updates(221) - Sleep for 5.165105 seconds and try again... (tryings = 52, bot id = 7919634763)
2025-10-22 12:07:17,399 - [ERROR] - aiogram.dispatcher - (dispatcher.py)._listen_updates(219) - Failed to fetch updates - TelegramNetworkError: HTTP Client says - ClientConnectorError: Cannot connect to host api.telegram.org:443 ssl:default [None]
2025-10-22 12:07:17,401 - [WARNING] - aiogram.dispatcher - (dispatcher.py)._listen_updates(221) - Sleep for 5.106605 seconds and try again... (tryings = 53, bot id = 7919634763)
2025-10-22 12:07:25,277 - [ERROR] - aiogram.dispatcher - (dispatcher.py)._listen_updates(219) - Failed to fetch updates - TelegramNetworkError: HTTP Client says - ClientConnectorError: Cannot connect to host api.telegram.org:443 ssl:default [None]
2025-10-22 12:07:25,281 - [WARNING] - aiogram.dispatcher - (dispatcher.py)._listen_updates(221) - Sleep for 4.997011 seconds and try again... (tryings = 54, bot id = 7919634763)
2025-10-22 12:07:33,156 - [ERROR] - aiogram.dispatcher - (dispatcher.py)._listen_updates(219) - Failed to fetch updates - TelegramNetworkError: HTTP Client says - ClientConnectorError: Cannot connect to host api.telegram.org:443 ssl:default [None]
2025-10-22 12:07:33,158 - [WARNING] - aiogram.dispatcher - (dispatcher.py)._listen_updates(221) - Sleep for 5.062938 seconds and try again... (tryings = 55, bot id = 7919634763)
2025-10-22 12:07:41,053 - [ERROR] - aiogram.dispatcher - (dispatcher.py)._listen_updates(219) - Failed to fetch updates - TelegramNetworkError: HTTP Client says - ClientConnectorError: Cannot connect to host api.telegram.org:443 ssl:default [None]
2025-10-22 12:07:41,055 - [WARNING] - aiogram.dispatcher - (dispatcher.py)._listen_updates(221) - Sleep for 5.117647 seconds and try again... (tryings = 56, bot id = 7919634763)
2025-10-22 12:07:49,432 - [ERROR] - aiogram.dispatcher - (dispatcher.py)._listen_updates(219) - Failed to fetch updates - TelegramNetworkError: HTTP Client says - ClientConnectorError: Cannot connect to host api.telegram.org:443 ssl:default [None]
2025-10-22 12:07:49,433 - [WARNING] - aiogram.dispatcher - (dispatcher.py)._listen_updates(221) - Sleep for 5.087634 seconds and try again... (tryings = 57, bot id = 7919634763)
2025-10-22 12:07:57,375 - [ERROR] - aiogram.dispatcher - (dispatcher.py)._listen_updates(219) - Failed to fetch updates - TelegramNetworkError: HTTP Client says - ClientConnectorError: Cannot connect to host api.telegram.org:443 ssl:default [None]
2025-10-22 12:07:57,377 - [WARNING] - aiogram.dispatcher - (dispatcher.py)._listen_updates(221) - Sleep for 4.888365 seconds and try again... (tryings = 58, bot id = 7919634763)
2025-10-22 12:08:04,747 - [ERROR] - aiogram.dispatcher - (dispatcher.py)._listen_updates(219) - Failed to fetch updates - TelegramNetworkError: HTTP Client says - ClientConnectorError: Cannot connect to host api.telegram.org:443 ssl:default [None]
2025-10-22 12:08:04,748 - [WARNING] - aiogram.dispatcher - (dispatcher.py)._listen_updates(221) - Sleep for 4.998308 seconds and try again... (tryings = 59, bot id = 7919634763)
2025-10-22 12:08:12,295 - [ERROR] - aiogram.dispatcher - (dispatcher.py)._listen_updates(219) - Failed to fetch updates - TelegramNetworkError: HTTP Client says - ClientConnectorError: Cannot connect to host api.telegram.org:443 ssl:default [None]
2025-10-22 12:08:12,298 - [WARNING] - aiogram.dispatcher - (dispatcher.py)._listen_updates(221) - Sleep for 5.080635 seconds and try again... (tryings = 60, bot id = 7919634763)
2025-10-22 12:08:21,209 - [ERROR] - aiogram.dispatcher - (dispatcher.py)._listen_updates(219) - Failed to fetch updates - TelegramNetworkError: HTTP Client says - ClientConnectorError: Cannot connect to host api.telegram.org:443 ssl:default [None]
2025-10-22 12:08:21,210 - [WARNING] - aiogram.dispatcher - (dispatcher.py)._listen_updates(221) - Sleep for 5.054413 seconds and try again... (tryings = 61, bot id = 7919634763)
2025-10-22 12:08:30,210 - [ERROR] - aiogram.dispatcher - (dispatcher.py)._listen_updates(219) - Failed to fetch updates - TelegramNetworkError: HTTP Client says - ClientConnectorError: Cannot connect to host api.telegram.org:443 ssl:default [None]
2025-10-22 12:08:30,212 - [WARNING] - aiogram.dispatcher - (dispatcher.py)._listen_updates(221) - Sleep for 4.960056 seconds and try again... (tryings = 62, bot id = 7919634763)
2025-10-22 12:08:37,876 - [ERROR] - aiogram.dispatcher - (dispatcher.py)._listen_updates(219) - Failed to fetch updates - TelegramNetworkError: HTTP Client says - ClientConnectorError: Cannot connect to host api.telegram.org:443 ssl:default [None]
2025-10-22 12:08:37,877 - [WARNING] - aiogram.dispatcher - (dispatcher.py)._listen_updates(221) - Sleep for 4.963542 seconds and try again... (tryings = 63, bot id = 7919634763)
2025-10-22 12:08:45,814 - [ERROR] - aiogram.dispatcher - (dispatcher.py)._listen_updates(219) - Failed to fetch updates - TelegramNetworkError: HTTP Client says - ClientConnectorError: Cannot connect to host api.telegram.org:443 ssl:default [None]
2025-10-22 12:08:45,815 - [WARNING] - aiogram.dispatcher - (dispatcher.py)._listen_updates(221) - Sleep for 5.000242 seconds and try again... (tryings = 64, bot id = 7919634763)
2025-10-22 12:08:54,158 - [ERROR] - aiogram.dispatcher - (dispatcher.py)._listen_updates(219) - Failed to fetch updates - TelegramNetworkError: HTTP Client says - ClientConnectorError: Cannot connect to host api.telegram.org:443 ssl:default [None]
2025-10-22 12:08:54,163 - [WARNING] - aiogram.dispatcher - (dispatcher.py)._listen_updates(221) - Sleep for 4.844810 seconds and try again... (tryings = 65, bot id = 7919634763)
2025-10-22 12:09:01,282 - [ERROR] - aiogram.dispatcher - (dispatcher.py)._listen_updates(219) - Failed to fetch updates - TelegramNetworkError: HTTP Client says - ClientConnectorError: Cannot connect to host api.telegram.org:443 ssl:default [None]
2025-10-22 12:09:01,284 - [WARNING] - aiogram.dispatcher - (dispatcher.py)._listen_updates(221) - Sleep for 4.961370 seconds and try again... (tryings = 66, bot id = 7919634763)
2025-10-22 12:09:09,529 - [ERROR] - aiogram.dispatcher - (dispatcher.py)._listen_updates(219) - Failed to fetch updates - TelegramNetworkError: HTTP Client says - ClientConnectorError: Cannot connect to host api.telegram.org:443 ssl:default [None]
2025-10-22 12:09:09,531 - [WARNING] - aiogram.dispatcher - (dispatcher.py)._listen_updates(221) - Sleep for 5.193101 seconds and try again... (tryings = 67, bot id = 7919634763)
2025-10-22 12:09:16,750 - [ERROR] - aiogram.dispatcher - (dispatcher.py)._listen_updates(219) - Failed to fetch updates - TelegramNetworkError: HTTP Client says - ClientConnectorError: Cannot connect to host api.telegram.org:443 ssl:default [None]
2025-10-22 12:09:16,751 - [WARNING] - aiogram.dispatcher - (dispatcher.py)._listen_updates(221) - Sleep for 4.938918 seconds and try again... (tryings = 68, bot id = 7919634763)
2025-10-22 12:09:24,622 - [ERROR] - aiogram.dispatcher - (dispatcher.py)._listen_updates(219) - Failed to fetch updates - TelegramNetworkError: HTTP Client says - ClientConnectorError: Cannot connect to host api.telegram.org:443 ssl:default [None]
2025-10-22 12:09:24,623 - [WARNING] - aiogram.dispatcher - (dispatcher.py)._listen_updates(221) - Sleep for 5.098107 seconds and try again... (tryings = 69, bot id = 7919634763)
2025-10-22 12:09:32,935 - [ERROR] - aiogram.dispatcher - (dispatcher.py)._listen_updates(219) - Failed to fetch updates - TelegramNetworkError: HTTP Client says - ClientConnectorError: Cannot connect to host api.telegram.org:443 ssl:default [None]
2025-10-22 12:09:32,937 - [WARNING] - aiogram.dispatcher - (dispatcher.py)._listen_updates(221) - Sleep for 4.948859 seconds and try again... (tryings = 70, bot id = 7919634763)
2025-10-22 12:09:41,361 - [ERROR] - aiogram.dispatcher - (dispatcher.py)._listen_updates(219) - Failed to fetch updates - TelegramNetworkError: HTTP Client says - ClientConnectorError: Cannot connect to host api.telegram.org:443 ssl:default [None]
2025-10-22 12:09:41,362 - [WARNING] - aiogram.dispatcher - (dispatcher.py)._listen_updates(221) - Sleep for 4.847695 seconds and try again... (tryings = 71, bot id = 7919634763)
2025-10-22 12:09:49,522 - [ERROR] - aiogram.dispatcher - (dispatcher.py)._listen_updates(219) - Failed to fetch updates - TelegramNetworkError: HTTP Client says - ClientConnectorError: Cannot connect to host api.telegram.org:443 ssl:default [None]
2025-10-22 12:09:49,523 - [WARNING] - aiogram.dispatcher - (dispatcher.py)._listen_updates(221) - Sleep for 4.887067 seconds and try again... (tryings = 72, bot id = 7919634763)
2025-10-22 12:09:57,114 - [ERROR] - aiogram.dispatcher - (dispatcher.py)._listen_updates(219) - Failed to fetch updates - TelegramNetworkError: HTTP Client says - ClientConnectorError: Cannot connect to host api.telegram.org:443 ssl:default [None]
2025-10-22 12:09:57,118 - [WARNING] - aiogram.dispatcher - (dispatcher.py)._listen_updates(221) - Sleep for 5.000260 seconds and try again... (tryings = 73, bot id = 7919634763)
2025-10-22 12:10:05,808 - [ERROR] - aiogram.dispatcher - (dispatcher.py)._listen_updates(219) - Failed to fetch updates - TelegramNetworkError: HTTP Client says - ClientConnectorError: Cannot connect to host api.telegram.org:443 ssl:default [None]
2025-10-22 12:10:05,812 - [WARNING] - aiogram.dispatcher - (dispatcher.py)._listen_updates(221) - Sleep for 4.866224 seconds and try again... (tryings = 74, bot id = 7919634763)
2025-10-22 12:10:13,383 - [ERROR] - aiogram.dispatcher - (dispatcher.py)._listen_updates(219) - Failed to fetch updates - TelegramNetworkError: HTTP Client says - ClientConnectorError: Cannot connect to host api.telegram.org:443 ssl:default [None]
2025-10-22 12:10:13,384 - [WARNING] - aiogram.dispatcher - (dispatcher.py)._listen_updates(221) - Sleep for 5.013059 seconds and try again... (tryings = 75, bot id = 7919634763)
2025-10-22 12:10:21,867 - [ERROR] - aiogram.dispatcher - (dispatcher.py)._listen_updates(219) - Failed to fetch updates - TelegramNetworkError: HTTP Client says - ClientConnectorError: Cannot connect to host api.telegram.org:443 ssl:default [None]
2025-10-22 12:10:21,868 - [WARNING] - aiogram.dispatcher - (dispatcher.py)._listen_updates(221) - Sleep for 4.933679 seconds and try again... (tryings = 76, bot id = 7919634763)
2025-10-22 12:10:29,661 - [ERROR] - aiogram.dispatcher - (dispatcher.py)._listen_updates(219) - Failed to fetch updates - TelegramNetworkError: HTTP Client says - ClientConnectorError: Cannot connect to host api.telegram.org:443 ssl:default [None]
2025-10-22 12:10:29,663 - [WARNING] - aiogram.dispatcher - (dispatcher.py)._listen_updates(221) - Sleep for 4.854638 seconds and try again... (tryings = 77, bot id = 7919634763)
2025-10-22 12:10:37,966 - [ERROR] - aiogram.dispatcher - (dispatcher.py)._listen_updates(219) - Failed to fetch updates - TelegramNetworkError: HTTP Client says - ClientConnectorError: Cannot connect to host api.telegram.org:443 ssl:default [None]
2025-10-22 12:10:37,968 - [WARNING] - aiogram.dispatcher - (dispatcher.py)._listen_updates(221) - Sleep for 4.845628 seconds and try again... (tryings = 78, bot id = 7919634763)
2025-10-22 12:10:46,068 - [ERROR] - aiogram.dispatcher - (dispatcher.py)._listen_updates(219) - Failed to fetch updates - TelegramNetworkError: HTTP Client says - ClientConnectorError: Cannot connect to host api.telegram.org:443 ssl:default [None]
2025-10-22 12:10:46,070 - [WARNING] - aiogram.dispatcher - (dispatcher.py)._listen_updates(221) - Sleep for 4.946744 seconds and try again... (tryings = 79, bot id = 7919634763)
2025-10-22 12:10:54,694 - [ERROR] - aiogram.dispatcher - (dispatcher.py)._listen_updates(219) - Failed to fetch updates - TelegramNetworkError: HTTP Client says - ClientConnectorError: Cannot connect to host api.telegram.org:443 ssl:default [None]
2025-10-22 12:10:54,695 - [WARNING] - aiogram.dispatcher - (dispatcher.py)._listen_updates(221) - Sleep for 4.834726 seconds and try again... (tryings = 80, bot id = 7919634763)
2025-10-22 12:11:02,409 - [ERROR] - aiogram.dispatcher - (dispatcher.py)._listen_updates(219) - Failed to fetch updates - TelegramNetworkError: HTTP Client says - ClientConnectorError: Cannot connect to host api.telegram.org:443 ssl:default [None]
2025-10-22 12:11:02,411 - [WARNING] - aiogram.dispatcher - (dispatcher.py)._listen_updates(221) - Sleep for 5.014736 seconds and try again... (tryings = 81, bot id = 7919634763)
2025-10-22 12:11:11,175 - [ERROR] - aiogram.dispatcher - (dispatcher.py)._listen_updates(219) - Failed to fetch updates - TelegramNetworkError: HTTP Client says - ClientConnectorError: Cannot connect to host api.telegram.org:443 ssl:default [None]
2025-10-22 12:11:11,177 - [WARNING] - aiogram.dispatcher - (dispatcher.py)._listen_updates(221) - Sleep for 4.949524 seconds and try again... (tryings = 82, bot id = 7919634763)
2025-10-22 12:11:19,336 - [ERROR] - aiogram.dispatcher - (dispatcher.py)._listen_updates(219) - Failed to fetch updates - TelegramNetworkError: HTTP Client says - ClientConnectorError: Cannot connect to host api.telegram.org:443 ssl:default [None]
2025-10-22 12:11:19,338 - [WARNING] - aiogram.dispatcher - (dispatcher.py)._listen_updates(221) - Sleep for 5.071063 seconds and try again... (tryings = 83, bot id = 7919634763)
2025-10-22 12:11:27,849 - [ERROR] - aiogram.dispatcher - (dispatcher.py)._listen_updates(219) - Failed to fetch updates - TelegramNetworkError: HTTP Client says - ClientConnectorError: Cannot connect to host api.telegram.org:443 ssl:default [None]
2025-10-22 12:11:27,850 - [WARNING] - aiogram.dispatcher - (dispatcher.py)._listen_updates(221) - Sleep for 4.956008 seconds and try again... (tryings = 84, bot id = 7919634763)
2025-10-22 12:11:35,517 - [ERROR] - aiogram.dispatcher - (dispatcher.py)._listen_updates(219) - Failed to fetch updates - TelegramNetworkError: HTTP Client says - ClientConnectorError: Cannot connect to host api.telegram.org:443 ssl:default [None]
2025-10-22 12:11:35,518 - [WARNING] - aiogram.dispatcher - (dispatcher.py)._listen_updates(221) - Sleep for 5.053295 seconds and try again... (tryings = 85, bot id = 7919634763)
2025-10-22 12:11:44,637 - [ERROR] - aiogram.dispatcher - (dispatcher.py)._listen_updates(219) - Failed to fetch updates - TelegramNetworkError: HTTP Client says - ClientConnectorError: Cannot connect to host api.telegram.org:443 ssl:default [None]
2025-10-22 12:11:44,639 - [WARNING] - aiogram.dispatcher - (dispatcher.py)._listen_updates(221) - Sleep for 4.976084 seconds and try again... (tryings = 86, bot id = 7919634763)
2025-10-22 12:11:52,834 - [ERROR] - aiogram.dispatcher - (dispatcher.py)._listen_updates(219) - Failed to fetch updates - TelegramNetworkError: HTTP Client says - ClientConnectorError: Cannot connect to host api.telegram.org:443 ssl:default [None]
2025-10-22 12:11:52,836 - [WARNING] - aiogram.dispatcher - (dispatcher.py)._listen_updates(221) - Sleep for 5.021616 seconds and try again... (tryings = 87, bot id = 7919634763)
2025-10-22 12:12:01,085 - [ERROR] - aiogram.dispatcher - (dispatcher.py)._listen_updates(219) - Failed to fetch updates - TelegramNetworkError: HTTP Client says - ClientConnectorError: Cannot connect to host api.telegram.org:443 ssl:default [None]
2025-10-22 12:12:01,086 - [WARNING] - aiogram.dispatcher - (dispatcher.py)._listen_updates(221) - Sleep for 5.217721 seconds and try again... (tryings = 88, bot id = 7919634763)
2025-10-22 12:12:09,181 - [ERROR] - aiogram.dispatcher - (dispatcher.py)._listen_updates(219) - Failed to fetch updates - TelegramNetworkError: HTTP Client says - ClientConnectorError: Cannot connect to host api.telegram.org:443 ssl:default [None]
2025-10-22 12:12:09,183 - [WARNING] - aiogram.dispatcher - (dispatcher.py)._listen_updates(221) - Sleep for 5.088183 seconds and try again... (tryings = 89, bot id = 7919634763)
2025-10-22 12:12:17,520 - [ERROR] - aiogram.dispatcher - (dispatcher.py)._listen_updates(219) - Failed to fetch updates - TelegramNetworkError: HTTP Client says - ClientConnectorError: Cannot connect to host api.telegram.org:443 ssl:default [None]
2025-10-22 12:12:17,521 - [WARNING] - aiogram.dispatcher - (dispatcher.py)._listen_updates(221) - Sleep for 4.884874 seconds and try again... (tryings = 90, bot id = 7919634763)
2025-10-22 12:12:24,804 - [ERROR] - aiogram.dispatcher - (dispatcher.py)._listen_updates(219) - Failed to fetch updates - TelegramNetworkError: HTTP Client says - ClientConnectorError: Cannot connect to host api.telegram.org:443 ssl:default [None]
2025-10-22 12:12:24,805 - [WARNING] - aiogram.dispatcher - (dispatcher.py)._listen_updates(221) - Sleep for 4.994063 seconds and try again... (tryings = 91, bot id = 7919634763)
2025-10-22 12:12:33,467 - [ERROR] - aiogram.dispatcher - (dispatcher.py)._listen_updates(219) - Failed to fetch updates - TelegramNetworkError: HTTP Client says - ClientConnectorError: Cannot connect to host api.telegram.org:443 ssl:default [None]
2025-10-22 12:12:33,468 - [WARNING] - aiogram.dispatcher - (dispatcher.py)._listen_updates(221) - Sleep for 5.004473 seconds and try again... (tryings = 92, bot id = 7919634763)
2025-10-22 12:12:41,906 - [ERROR] - aiogram.dispatcher - (dispatcher.py)._listen_updates(219) - Failed to fetch updates - TelegramNetworkError: HTTP Client says - ClientConnectorError: Cannot connect to host api.telegram.org:443 ssl:default [None]
2025-10-22 12:12:41,907 - [WARNING] - aiogram.dispatcher - (dispatcher.py)._listen_updates(221) - Sleep for 5.038121 seconds and try again... (tryings = 93, bot id = 7919634763)
2025-10-22 12:12:50,189 - [ERROR] - aiogram.dispatcher - (dispatcher.py)._listen_updates(219) - Failed to fetch updates - TelegramNetworkError: HTTP Client says - ClientConnectorError: Cannot connect to host api.telegram.org:443 ssl:default [None]
2025-10-22 12:12:50,190 - [WARNING] - aiogram.dispatcher - (dispatcher.py)._listen_updates(221) - Sleep for 4.942253 seconds and try again... (tryings = 94, bot id = 7919634763)
2025-10-22 12:12:58,435 - [ERROR] - aiogram.dispatcher - (dispatcher.py)._listen_updates(219) - Failed to fetch updates - TelegramNetworkError: HTTP Client says - ClientConnectorError: Cannot connect to host api.telegram.org:443 ssl:default [None]
2025-10-22 12:12:58,437 - [WARNING] - aiogram.dispatcher - (dispatcher.py)._listen_updates(221) - Sleep for 4.982983 seconds and try again... (tryings = 95, bot id = 7919634763)
2025-10-22 12:13:05,633 - [ERROR] - aiogram.dispatcher - (dispatcher.py)._listen_updates(219) - Failed to fetch updates - TelegramNetworkError: HTTP Client says - ClientConnectorError: Cannot connect to host api.telegram.org:443 ssl:default [None]
2025-10-22 12:13:05,634 - [WARNING] - aiogram.dispatcher - (dispatcher.py)._listen_updates(221) - Sleep for 4.944983 seconds and try again... (tryings = 96, bot id = 7919634763)
2025-10-22 12:13:13,204 - [ERROR] - aiogram.dispatcher - (dispatcher.py)._listen_updates(219) - Failed to fetch updates - TelegramNetworkError: HTTP Client says - ClientConnectorError: Cannot connect to host api.telegram.org:443 ssl:default [None]
2025-10-22 12:13:13,208 - [WARNING] - aiogram.dispatcher - (dispatcher.py)._listen_updates(221) - Sleep for 4.810100 seconds and try again... (tryings = 97, bot id = 7919634763)
2025-10-22 12:13:22,036 - [ERROR] - aiogram.dispatcher - (dispatcher.py)._listen_updates(219) - Failed to fetch updates - TelegramNetworkError: HTTP Client says - ClientConnectorError: Cannot connect to host api.telegram.org:443 ssl:default [None]
2025-10-22 12:13:22,037 - [WARNING] - aiogram.dispatcher - (dispatcher.py)._listen_updates(221) - Sleep for 5.047291 seconds and try again... (tryings = 98, bot id = 7919634763)
2025-10-22 12:13:30,948 - [ERROR] - aiogram.dispatcher - (dispatcher.py)._listen_updates(219) - Failed to fetch updates - TelegramNetworkError: HTTP Client says - ClientConnectorError: Cannot connect to host api.telegram.org:443 ssl:default [None]
2025-10-22 12:13:30,950 - [WARNING] - aiogram.dispatcher - (dispatcher.py)._listen_updates(221) - Sleep for 4.808978 seconds and try again... (tryings = 99, bot id = 7919634763)
2025-10-22 12:13:39,189 - [ERROR] - aiogram.dispatcher - (dispatcher.py)._listen_updates(219) - Failed to fetch updates - TelegramNetworkError: HTTP Client says - ClientConnectorError: Cannot connect to host api.telegram.org:443 ssl:default [None]
2025-10-22 12:13:39,191 - [WARNING] - aiogram.dispatcher - (dispatcher.py)._listen_updates(221) - Sleep for 5.285687 seconds and try again... (tryings = 100, bot id = 7919634763)
2025-10-22 12:13:48,472 - [ERROR] - aiogram.dispatcher - (dispatcher.py)._listen_updates(219) - Failed to fetch updates - TelegramNetworkError: HTTP Client says - ClientConnectorError: Cannot connect to host api.telegram.org:443 ssl:default [None]
2025-10-22 12:13:48,474 - [WARNING] - aiogram.dispatcher - (dispatcher.py)._listen_updates(221) - Sleep for 5.010619 seconds and try again... (tryings = 101, bot id = 7919634763)
2025-10-22 12:13:56,841 - [ERROR] - aiogram.dispatcher - (dispatcher.py)._listen_updates(219) - Failed to fetch updates - TelegramNetworkError: HTTP Client says - ClientConnectorError: Cannot connect to host api.telegram.org:443 ssl:default [None]
2025-10-22 12:13:56,843 - [WARNING] - aiogram.dispatcher - (dispatcher.py)._listen_updates(221) - Sleep for 5.078533 seconds and try again... (tryings = 102, bot id = 7919634763)
2025-10-22 12:14:04,969 - [ERROR] - aiogram.dispatcher - (dispatcher.py)._listen_updates(219) - Failed to fetch updates - TelegramNetworkError: HTTP Client says - ClientConnectorError: Cannot connect to host api.telegram.org:443 ssl:default [None]
2025-10-22 12:14:04,971 - [WARNING] - aiogram.dispatcher - (dispatcher.py)._listen_updates(221) - Sleep for 5.178232 seconds and try again... (tryings = 103, bot id = 7919634763)
2025-10-22 12:14:13,657 - [ERROR] - aiogram.dispatcher - (dispatcher.py)._listen_updates(219) - Failed to fetch updates - TelegramNetworkError: HTTP Client says - ClientConnectorError: Cannot connect to host api.telegram.org:443 ssl:default [None]
2025-10-22 12:14:13,658 - [WARNING] - aiogram.dispatcher - (dispatcher.py)._listen_updates(221) - Sleep for 5.192698 seconds and try again... (tryings = 104, bot id = 7919634763)
2025-10-22 12:14:21,783 - [ERROR] - aiogram.dispatcher - (dispatcher.py)._listen_updates(219) - Failed to fetch updates - TelegramNetworkError: HTTP Client says - ClientConnectorError: Cannot connect to host api.telegram.org:443 ssl:default [None]
2025-10-22 12:14:21,784 - [WARNING] - aiogram.dispatcher - (dispatcher.py)._listen_updates(221) - Sleep for 5.011255 seconds and try again... (tryings = 105, bot id = 7919634763)
2025-10-22 12:14:30,377 - [ERROR] - aiogram.dispatcher - (dispatcher.py)._listen_updates(219) - Failed to fetch updates - TelegramNetworkError: HTTP Client says - ClientConnectorError: Cannot connect to host api.telegram.org:443 ssl:default [None]
2025-10-22 12:14:30,379 - [WARNING] - aiogram.dispatcher - (dispatcher.py)._listen_updates(221) - Sleep for 4.991967 seconds and try again... (tryings = 106, bot id = 7919634763)
2025-10-22 12:14:38,769 - [ERROR] - aiogram.dispatcher - (dispatcher.py)._listen_updates(219) - Failed to fetch updates - TelegramNetworkError: HTTP Client says - ClientConnectorError: Cannot connect to host api.telegram.org:443 ssl:default [None]
2025-10-22 12:14:38,771 - [WARNING] - aiogram.dispatcher - (dispatcher.py)._listen_updates(221) - Sleep for 5.000767 seconds and try again... (tryings = 107, bot id = 7919634763)
2025-10-22 12:14:47,618 - [ERROR] - aiogram.dispatcher - (dispatcher.py)._listen_updates(219) - Failed to fetch updates - TelegramNetworkError: HTTP Client says - ClientConnectorError: Cannot connect to host api.telegram.org:443 ssl:default [None]
2025-10-22 12:14:47,620 - [WARNING] - aiogram.dispatcher - (dispatcher.py)._listen_updates(221) - Sleep for 4.932255 seconds and try again... (tryings = 108, bot id = 7919634763)
2025-10-22 12:14:56,181 - [ERROR] - aiogram.dispatcher - (dispatcher.py)._listen_updates(219) - Failed to fetch updates - TelegramNetworkError: HTTP Client says - ClientConnectorError: Cannot connect to host api.telegram.org:443 ssl:default [None]
2025-10-22 12:14:56,182 - [WARNING] - aiogram.dispatcher - (dispatcher.py)._listen_updates(221) - Sleep for 4.978403 seconds and try again... (tryings = 109, bot id = 7919634763)
2025-10-22 12:15:04,809 - [ERROR] - aiogram.dispatcher - (dispatcher.py)._listen_updates(219) - Failed to fetch updates - TelegramNetworkError: HTTP Client says - ClientConnectorError: Cannot connect to host api.telegram.org:443 ssl:default [None]
2025-10-22 12:15:04,810 - [WARNING] - aiogram.dispatcher - (dispatcher.py)._listen_updates(221) - Sleep for 4.975566 seconds and try again... (tryings = 110, bot id = 7919634763)
2025-10-22 12:15:13,211 - [ERROR] - aiogram.dispatcher - (dispatcher.py)._listen_updates(219) - Failed to fetch updates - TelegramNetworkError: HTTP Client says - ClientConnectorError: Cannot connect to host api.telegram.org:443 ssl:default [None]
2025-10-22 12:15:13,212 - [WARNING] - aiogram.dispatcher - (dispatcher.py)._listen_updates(221) - Sleep for 4.837268 seconds and try again... (tryings = 111, bot id = 7919634763)
2025-10-22 12:15:18,063 - [ERROR] - aiogram.dispatcher - (dispatcher.py)._listen_updates(219) - Failed to fetch updates - TelegramNetworkError: HTTP Client says - ClientConnectorError: Cannot connect to host api.telegram.org:443 ssl:default [  .            Windows]
2025-10-22 12:17:01,166 - [WARNING] - aiogram.dispatcher - (dispatcher.py)._listen_updates(221) - Sleep for 4.851145 seconds and try again... (tryings = 112, bot id = 7919634763)
2025-10-22 12:17:11,424 - [ERROR] - aiogram.dispatcher - (dispatcher.py)._listen_updates(219) - Failed to fetch updates - TelegramNetworkError: HTTP Client says - ClientConnectorError: Cannot connect to host api.telegram.org:443 ssl:default [None]
2025-10-22 12:17:11,502 - [WARNING] - aiogram.dispatcher - (dispatcher.py)._listen_updates(221) - Sleep for 5.142790 seconds and try again... (tryings = 113, bot id = 7919634763)
2025-10-22 12:17:19,929 - [ERROR] - aiogram.dispatcher - (dispatcher.py)._listen_updates(219) - Failed to fetch updates - TelegramNetworkError: HTTP Client says - ClientConnectorError: Cannot connect to host api.telegram.org:443 ssl:default [None]
2025-10-22 12:17:19,930 - [WARNING] - aiogram.dispatcher - (dispatcher.py)._listen_updates(221) - Sleep for 5.136150 seconds and try again... (tryings = 114, bot id = 7919634763)
2025-10-22 12:17:27,579 - [ERROR] - aiogram.dispatcher - (dispatcher.py)._listen_updates(219) - Failed to fetch updates - TelegramNetworkError: HTTP Client says - ClientConnectorError: Cannot connect to host api.telegram.org:443 ssl:default [None]
2025-10-22 12:17:27,580 - [WARNING] - aiogram.dispatcher - (dispatcher.py)._listen_updates(221) - Sleep for 5.030736 seconds and try again... (tryings = 115, bot id = 7919634763)
2025-10-22 12:17:35,794 - [ERROR] - aiogram.dispatcher - (dispatcher.py)._listen_updates(219) - Failed to fetch updates - TelegramNetworkError: HTTP Client says - ClientConnectorError: Cannot connect to host api.telegram.org:443 ssl:default [None]
2025-10-22 12:17:35,797 - [WARNING] - aiogram.dispatcher - (dispatcher.py)._listen_updates(221) - Sleep for 5.034419 seconds and try again... (tryings = 116, bot id = 7919634763)
2025-10-22 12:17:44,594 - [ERROR] - aiogram.dispatcher - (dispatcher.py)._listen_updates(219) - Failed to fetch updates - TelegramNetworkError: HTTP Client says - ClientConnectorError: Cannot connect to host api.telegram.org:443 ssl:default [None]
2025-10-22 12:17:44,595 - [WARNING] - aiogram.dispatcher - (dispatcher.py)._listen_updates(221) - Sleep for 5.107200 seconds and try again... (tryings = 117, bot id = 7919634763)
2025-10-22 12:17:53,619 - [ERROR] - aiogram.dispatcher - (dispatcher.py)._listen_updates(219) - Failed to fetch updates - TelegramNetworkError: HTTP Client says - ClientConnectorError: Cannot connect to host api.telegram.org:443 ssl:default [None]
2025-10-22 12:17:53,620 - [WARNING] - aiogram.dispatcher - (dispatcher.py)._listen_updates(221) - Sleep for 5.026650 seconds and try again... (tryings = 118, bot id = 7919634763)
2025-10-22 12:18:01,196 - [ERROR] - aiogram.dispatcher - (dispatcher.py)._listen_updates(219) - Failed to fetch updates - TelegramNetworkError: HTTP Client says - ClientConnectorError: Cannot connect to host api.telegram.org:443 ssl:default [None]
2025-10-22 12:18:01,202 - [WARNING] - aiogram.dispatcher - (dispatcher.py)._listen_updates(221) - Sleep for 4.937525 seconds and try again... (tryings = 119, bot id = 7919634763)
2025-10-22 12:18:08,985 - [ERROR] - aiogram.dispatcher - (dispatcher.py)._listen_updates(219) - Failed to fetch updates - TelegramNetworkError: HTTP Client says - ClientConnectorError: Cannot connect to host api.telegram.org:443 ssl:default [None]
2025-10-22 12:18:08,986 - [WARNING] - aiogram.dispatcher - (dispatcher.py)._listen_updates(221) - Sleep for 5.011394 seconds and try again... (tryings = 120, bot id = 7919634763)
2025-10-22 12:18:17,452 - [ERROR] - aiogram.dispatcher - (dispatcher.py)._listen_updates(219) - Failed to fetch updates - TelegramNetworkError: HTTP Client says - ClientConnectorError: Cannot connect to host api.telegram.org:443 ssl:default [None]
2025-10-22 12:18:17,453 - [WARNING] - aiogram.dispatcher - (dispatcher.py)._listen_updates(221) - Sleep for 5.306452 seconds and try again... (tryings = 121, bot id = 7919634763)
2025-10-22 12:18:26,341 - [ERROR] - aiogram.dispatcher - (dispatcher.py)._listen_updates(219) - Failed to fetch updates - TelegramNetworkError: HTTP Client says - ClientConnectorError: Cannot connect to host api.telegram.org:443 ssl:default [None]
2025-10-22 12:18:26,345 - [WARNING] - aiogram.dispatcher - (dispatcher.py)._listen_updates(221) - Sleep for 4.943119 seconds and try again... (tryings = 122, bot id = 7919634763)
2025-10-22 12:18:34,967 - [ERROR] - aiogram.dispatcher - (dispatcher.py)._listen_updates(219) - Failed to fetch updates - TelegramNetworkError: HTTP Client says - ClientConnectorError: Cannot connect to host api.telegram.org:443 ssl:default [None]
2025-10-22 12:18:34,969 - [WARNING] - aiogram.dispatcher - (dispatcher.py)._listen_updates(221) - Sleep for 4.929127 seconds and try again... (tryings = 123, bot id = 7919634763)
2025-10-22 12:18:42,896 - [ERROR] - aiogram.dispatcher - (dispatcher.py)._listen_updates(219) - Failed to fetch updates - TelegramNetworkError: HTTP Client says - ClientConnectorError: Cannot connect to host api.telegram.org:443 ssl:default [None]
2025-10-22 12:18:42,896 - [WARNING] - aiogram.dispatcher - (dispatcher.py)._listen_updates(221) - Sleep for 5.020554 seconds and try again... (tryings = 124, bot id = 7919634763)
2025-10-22 12:18:51,484 - [ERROR] - aiogram.dispatcher - (dispatcher.py)._listen_updates(219) - Failed to fetch updates - TelegramNetworkError: HTTP Client says - ClientConnectorError: Cannot connect to host api.telegram.org:443 ssl:default [None]
2025-10-22 12:18:51,489 - [WARNING] - aiogram.dispatcher - (dispatcher.py)._listen_updates(221) - Sleep for 5.026370 seconds and try again... (tryings = 125, bot id = 7919634763)
2025-10-22 12:19:09,491 - [INFO] - aiogram.dispatcher - (dispatcher.py)._listen_updates(233) - Connection established (tryings = 126, bot id = 7919634763)
2025-10-22 17:16:26,812 - [ERROR] - aiogram.dispatcher - (dispatcher.py)._listen_updates(219) - Failed to fetch updates - TelegramNetworkError: HTTP Client says - Request timeout error
2025-10-22 17:16:26,983 - [WARNING] - aiogram.dispatcher - (dispatcher.py)._listen_updates(221) - Sleep for 1.000000 seconds and try again... (tryings = 0, bot id = 7919634763)
2025-10-22 17:16:35,696 - [ERROR] - aiogram.dispatcher - (dispatcher.py)._listen_updates(219) - Failed to fetch updates - TelegramNetworkError: HTTP Client says - ClientConnectorError: Cannot connect to host api.telegram.org:443 ssl:default [None]
2025-10-22 17:16:35,724 - [WARNING] - aiogram.dispatcher - (dispatcher.py)._listen_updates(221) - Sleep for 1.208130 seconds and try again... (tryings = 1, bot id = 7919634763)
2025-10-22 17:16:40,028 - [ERROR] - aiogram.dispatcher - (dispatcher.py)._listen_updates(219) - Failed to fetch updates - TelegramNetworkError: HTTP Client says - ClientConnectorError: Cannot connect to host api.telegram.org:443 ssl:default [None]
2025-10-22 17:16:40,124 - [WARNING] - aiogram.dispatcher - (dispatcher.py)._listen_updates(221) - Sleep for 1.593340 seconds and try again... (tryings = 2, bot id = 7919634763)
2025-10-22 17:16:52,434 - [INFO] - aiogram.dispatcher - (dispatcher.py)._listen_updates(233) - Connection established (tryings = 3, bot id = 7919634763)
